<?xml version="1.0" encoding="UTF-8"?><testsuite errors="1" failures="0" name="Buscar productos en la Pagina Dafiti" skipped="0" tests="1" time="82.92" timestamp="2021-06-16 04:51:24"><testcase name="Buscar el producto en el buscador de Dafiti"><error message="The following error occurred: unknown error: cannot determine loading status&#10;from disconnected: unable to send message to renderer&#10;  (Session info: chrome=91.0.4472.101)&#10;Build info: version: '3.141.59', revision: 'e82be7d358', time: '2018-11-14T08:17:03'&#10;System info: host: 'DESKTOP-F5EL4IS', ip: '192.168.0.6', os.name: 'Windows 10', os.arch: 'amd64', os.version: '10.0', java.version: '1.8.0_291'&#10;Driver info: org.openqa.selenium.chrome.ChromeDriver&#10;Capabilities {acceptInsecureCerts: false, browserName: chrome, browserVersion: 91.0.4472.101, chrome: {chromedriverVersion: 91.0.4472.19 (1bf021f248676..., userDataDir: C:\Users\JUANAN~1\AppData\L...}, goog:chromeOptions: {debuggerAddress: localhost:59785}, javascriptEnabled: true, networkConnectionEnabled: false, pageLoadStrategy: normal, platform: WINDOWS, platformName: WINDOWS, proxy: Proxy(), setWindowRect: true, strictFileInteractability: false, timeouts: {implicit: 0, pageLoad: 300000, script: 30000}, unhandledPromptBehavior: dismiss and notify, webauthn:extension:largeBlob: true, webauthn:virtualAuthenticators: true}&#10;Session ID: 0c86d8d2e455bcc9113f84ddefe2aadf&#10;*** Element info: {Using=xpath, value=//input[@id='searchInput']}" type="org.openqa.selenium.WebDriverException">The following error occurred: unknown error: cannot determine loading status
from disconnected: unable to send message to renderer
  (Session info: chrome=91.0.4472.101)
Build info: version: '3.141.59', revision: 'e82be7d358', time: '2018-11-14T08:17:03'
System info: host: 'DESKTOP-F5EL4IS', ip: '192.168.0.6', os.name: 'Windows 10', os.arch: 'amd64', os.version: '10.0', java.version: '1.8.0_291'
Driver info: org.openqa.selenium.chrome.ChromeDriver
Capabilities {acceptInsecureCerts: false, browserName: chrome, browserVersion: 91.0.4472.101, chrome: {chromedriverVersion: 91.0.4472.19 (1bf021f248676..., userDataDir: C:\Users\JUANAN~1\AppData\L...}, goog:chromeOptions: {debuggerAddress: localhost:59785}, javascriptEnabled: true, networkConnectionEnabled: false, pageLoadStrategy: normal, platform: WINDOWS, platformName: WINDOWS, proxy: Proxy(), setWindowRect: true, strictFileInteractability: false, timeouts: {implicit: 0, pageLoad: 300000, script: 30000}, unhandledPromptBehavior: dismiss and notify, webauthn:extension:largeBlob: true, webauthn:virtualAuthenticators: true}
Session ID: 0c86d8d2e455bcc9113f84ddefe2aadf
*** Element info: {Using=xpath, value=//input[@id='searchInput']}</error><system-err>The following error occurred: unknown error: cannot determine loading status
from disconnected: unable to send message to renderer
  (Session info: chrome=91.0.4472.101)
Build info: version: '3.141.59', revision: 'e82be7d358', time: '2018-11-14T08:17:03'
System info: host: 'DESKTOP-F5EL4IS', ip: '192.168.0.6', os.name: 'Windows 10', os.arch: 'amd64', os.version: '10.0', java.version: '1.8.0_291'
Driver info: org.openqa.selenium.chrome.ChromeDriver
Capabilities {acceptInsecureCerts: false, browserName: chrome, browserVersion: 91.0.4472.101, chrome: {chromedriverVersion: 91.0.4472.19 (1bf021f248676..., userDataDir: C:\Users\JUANAN~1\AppData\L...}, goog:chromeOptions: {debuggerAddress: localhost:59785}, javascriptEnabled: true, networkConnectionEnabled: false, pageLoadStrategy: normal, platform: WINDOWS, platformName: WINDOWS, proxy: Proxy(), setWindowRect: true, strictFileInteractability: false, timeouts: {implicit: 0, pageLoad: 300000, script: 30000}, unhandledPromptBehavior: dismiss and notify, webauthn:extension:largeBlob: true, webauthn:virtualAuthenticators: true}
Session ID: 0c86d8d2e455bcc9113f84ddefe2aadf
*** Element info: {Using=xpath, value=//input[@id='searchInput']}&#13;
Tasks.BuscarPtoDafiti.performAs(BuscarPtoDafiti.java:23)&#13;
stepDefinitions.DafitiBuscadorBackgroundStepDefinitions.buscoUnProductoEnElBuscador(DafitiBuscadorBackgroundStepDefinitions.java:28)&#13;
cucumber.runner.Runner.runPickle(Runner.java:80)&#13;
org.eclipse.jdt.internal.junit4.runner.JUnit4TestReference.run(JUnit4TestReference.java:89)&#13;
org.eclipse.jdt.internal.junit.runner.TestExecution.run(TestExecution.java:41)&#13;
org.eclipse.jdt.internal.junit.runner.RemoteTestRunner.runTests(RemoteTestRunner.java:541)&#13;
org.eclipse.jdt.internal.junit.runner.RemoteTestRunner.runTests(RemoteTestRunner.java:763)&#13;
org.eclipse.jdt.internal.junit.runner.RemoteTestRunner.run(RemoteTestRunner.java:463)&#13;
org.eclipse.jdt.internal.junit.runner.RemoteTestRunner.main(RemoteTestRunner.java:209)&#13;
</system-err></testcase></testsuite>